<?xml version="1.0" encoding="UTF-8"?>
<!-- Generated by org.testng.reporters.JUnitReportReporter -->
<testsuite hostname="ross" failures="0" tests="6" name="com.reqres_CCL.testCaseClass.TestReqRes" time="4.591" errors="0" timestamp="2023-12-13T15:41:14 IST" skipped="0">
  <testcase classname="com.reqres_CCL.testCaseClass.TestReqRes" name="testCreateUser" time="2.013"/>
  <testcase classname="com.reqres_CCL.testCaseClass.TestReqRes" name="testGetSingleUser" time="0.329"/>
  <testcase classname="com.reqres_CCL.testCaseClass.TestReqRes" name="testGetSingleUnknownUser" time="0.987"/>
  <testcase classname="com.reqres_CCL.testCaseClass.TestReqRes" name="testRegisterUser" time="0.539"/>
  <testcase classname="com.reqres_CCL.testCaseClass.TestReqRes" name="testGetAllUnknownUsersPaged" time="0.580"/>
  <testcase classname="com.reqres_CCL.testCaseClass.TestReqRes" name="testGetAllUsersPaged" time="0.143"/>
</testsuite> <!-- com.reqres_CCL.testCaseClass.TestReqRes -->
